{"total": {"lines":{"total":14574,"covered":14280,"skipped":0,"pct":97.98},"statements":{"total":14574,"covered":14280,"skipped":0,"pct":97.98},"functions":{"total":460,"covered":415,"skipped":0,"pct":90.21},"branches":{"total":2491,"covered":2032,"skipped":0,"pct":81.57},"branchesTrue":{"total":0,"covered":0,"skipped":0,"pct":100}}
,"/Users/matt/Development/UIUX/perfect/packages/react/src/index.ts": {"lines":{"total":93,"covered":93,"skipped":0,"pct":100},"functions":{"total":0,"covered":0,"skipped":0,"pct":100},"statements":{"total":93,"covered":93,"skipped":0,"pct":100},"branches":{"total":0,"covered":0,"skipped":0,"pct":100}}
,"/Users/matt/Development/UIUX/perfect/packages/react/src/atoms/display/Avatar/Avatar.tsx": {"lines":{"total":69,"covered":67,"skipped":0,"pct":97.1},"functions":{"total":3,"covered":2,"skipped":0,"pct":66.66},"statements":{"total":69,"covered":67,"skipped":0,"pct":97.1},"branches":{"total":17,"covered":9,"skipped":0,"pct":52.94}}
,"/Users/matt/Development/UIUX/perfect/packages/react/src/atoms/display/CodeBlock/CodeBlock.tsx": {"lines":{"total":89,"covered":89,"skipped":0,"pct":100},"functions":{"total":4,"covered":4,"skipped":0,"pct":100},"statements":{"total":89,"covered":89,"skipped":0,"pct":100},"branches":{"total":28,"covered":26,"skipped":0,"pct":92.85}}
,"/Users/matt/Development/UIUX/perfect/packages/react/src/atoms/display/CounterBadge/CounterBadge.tsx": {"lines":{"total":39,"covered":31,"skipped":0,"pct":79.48},"functions":{"total":1,"covered":1,"skipped":0,"pct":100},"statements":{"total":39,"covered":31,"skipped":0,"pct":79.48},"branches":{"total":11,"covered":9,"skipped":0,"pct":81.81}}
,"/Users/matt/Development/UIUX/perfect/packages/react/src/atoms/display/DeviceFrame/DeviceFrame.tsx": {"lines":{"total":46,"covered":46,"skipped":0,"pct":100},"functions":{"total":2,"covered":2,"skipped":0,"pct":100},"statements":{"total":46,"covered":46,"skipped":0,"pct":100},"branches":{"total":6,"covered":5,"skipped":0,"pct":83.33}}
,"/Users/matt/Development/UIUX/perfect/packages/react/src/atoms/display/Divider/Divider.tsx": {"lines":{"total":26,"covered":26,"skipped":0,"pct":100},"functions":{"total":1,"covered":1,"skipped":0,"pct":100},"statements":{"total":26,"covered":26,"skipped":0,"pct":100},"branches":{"total":10,"covered":10,"skipped":0,"pct":100}}
,"/Users/matt/Development/UIUX/perfect/packages/react/src/atoms/display/Image/Image.tsx": {"lines":{"total":55,"covered":55,"skipped":0,"pct":100},"functions":{"total":3,"covered":3,"skipped":0,"pct":100},"statements":{"total":55,"covered":55,"skipped":0,"pct":100},"branches":{"total":11,"covered":11,"skipped":0,"pct":100}}
,"/Users/matt/Development/UIUX/perfect/packages/react/src/atoms/display/Pill/Pill.tsx": {"lines":{"total":46,"covered":46,"skipped":0,"pct":100},"functions":{"total":1,"covered":1,"skipped":0,"pct":100},"statements":{"total":46,"covered":46,"skipped":0,"pct":100},"branches":{"total":6,"covered":5,"skipped":0,"pct":83.33}}
,"/Users/matt/Development/UIUX/perfect/packages/react/src/atoms/display/StatTile/StatTile.tsx": {"lines":{"total":49,"covered":49,"skipped":0,"pct":100},"functions":{"total":1,"covered":1,"skipped":0,"pct":100},"statements":{"total":49,"covered":49,"skipped":0,"pct":100},"branches":{"total":9,"covered":7,"skipped":0,"pct":77.77}}
,"/Users/matt/Development/UIUX/perfect/packages/react/src/atoms/display/StatusDot/StatusDot.tsx": {"lines":{"total":30,"covered":30,"skipped":0,"pct":100},"functions":{"total":1,"covered":1,"skipped":0,"pct":100},"statements":{"total":30,"covered":30,"skipped":0,"pct":100},"branches":{"total":8,"covered":7,"skipped":0,"pct":87.5}}
,"/Users/matt/Development/UIUX/perfect/packages/react/src/atoms/display/Surface/Card.tsx": {"lines":{"total":39,"covered":39,"skipped":0,"pct":100},"functions":{"total":1,"covered":1,"skipped":0,"pct":100},"statements":{"total":39,"covered":39,"skipped":0,"pct":100},"branches":{"total":10,"covered":6,"skipped":0,"pct":60}}
,"/Users/matt/Development/UIUX/perfect/packages/react/src/atoms/display/Surface/Surface.tsx": {"lines":{"total":13,"covered":13,"skipped":0,"pct":100},"functions":{"total":1,"covered":1,"skipped":0,"pct":100},"statements":{"total":13,"covered":13,"skipped":0,"pct":100},"branches":{"total":4,"covered":3,"skipped":0,"pct":75}}
,"/Users/matt/Development/UIUX/perfect/packages/react/src/atoms/display/Typography/Heading.tsx": {"lines":{"total":45,"covered":45,"skipped":0,"pct":100},"functions":{"total":1,"covered":1,"skipped":0,"pct":100},"statements":{"total":45,"covered":45,"skipped":0,"pct":100},"branches":{"total":7,"covered":6,"skipped":0,"pct":85.71}}
,"/Users/matt/Development/UIUX/perfect/packages/react/src/atoms/display/Typography/Kbd.tsx": {"lines":{"total":18,"covered":18,"skipped":0,"pct":100},"functions":{"total":1,"covered":1,"skipped":0,"pct":100},"statements":{"total":18,"covered":18,"skipped":0,"pct":100},"branches":{"total":4,"covered":3,"skipped":0,"pct":75}}
,"/Users/matt/Development/UIUX/perfect/packages/react/src/atoms/display/Typography/Label.tsx": {"lines":{"total":23,"covered":23,"skipped":0,"pct":100},"functions":{"total":1,"covered":1,"skipped":0,"pct":100},"statements":{"total":23,"covered":23,"skipped":0,"pct":100},"branches":{"total":4,"covered":4,"skipped":0,"pct":100}}
,"/Users/matt/Development/UIUX/perfect/packages/react/src/atoms/display/Typography/Link.tsx": {"lines":{"total":13,"covered":13,"skipped":0,"pct":100},"functions":{"total":1,"covered":1,"skipped":0,"pct":100},"statements":{"total":13,"covered":13,"skipped":0,"pct":100},"branches":{"total":3,"covered":3,"skipped":0,"pct":100}}
,"/Users/matt/Development/UIUX/perfect/packages/react/src/atoms/display/Typography/Text.tsx": {"lines":{"total":44,"covered":44,"skipped":0,"pct":100},"functions":{"total":1,"covered":1,"skipped":0,"pct":100},"statements":{"total":44,"covered":44,"skipped":0,"pct":100},"branches":{"total":5,"covered":3,"skipped":0,"pct":60}}
,"/Users/matt/Development/UIUX/perfect/packages/react/src/atoms/feedback/Banner/Banner.tsx": {"lines":{"total":48,"covered":48,"skipped":0,"pct":100},"functions":{"total":1,"covered":1,"skipped":0,"pct":100},"statements":{"total":48,"covered":48,"skipped":0,"pct":100},"branches":{"total":9,"covered":9,"skipped":0,"pct":100}}
,"/Users/matt/Development/UIUX/perfect/packages/react/src/atoms/feedback/Callout/Callout.tsx": {"lines":{"total":35,"covered":35,"skipped":0,"pct":100},"functions":{"total":1,"covered":1,"skipped":0,"pct":100},"statements":{"total":35,"covered":35,"skipped":0,"pct":100},"branches":{"total":9,"covered":7,"skipped":0,"pct":77.77}}
,"/Users/matt/Development/UIUX/perfect/packages/react/src/atoms/feedback/EmptyState/EmptyState.tsx": {"lines":{"total":34,"covered":34,"skipped":0,"pct":100},"functions":{"total":1,"covered":1,"skipped":0,"pct":100},"statements":{"total":34,"covered":34,"skipped":0,"pct":100},"branches":{"total":6,"covered":6,"skipped":0,"pct":100}}
,"/Users/matt/Development/UIUX/perfect/packages/react/src/atoms/feedback/Meter/Meter.tsx": {"lines":{"total":54,"covered":54,"skipped":0,"pct":100},"functions":{"total":2,"covered":2,"skipped":0,"pct":100},"statements":{"total":54,"covered":54,"skipped":0,"pct":100},"branches":{"total":15,"covered":15,"skipped":0,"pct":100}}
,"/Users/matt/Development/UIUX/perfect/packages/react/src/atoms/feedback/Progress/ProgressBar.tsx": {"lines":{"total":40,"covered":40,"skipped":0,"pct":100},"functions":{"total":1,"covered":1,"skipped":0,"pct":100},"statements":{"total":40,"covered":40,"skipped":0,"pct":100},"branches":{"total":12,"covered":12,"skipped":0,"pct":100}}
,"/Users/matt/Development/UIUX/perfect/packages/react/src/atoms/feedback/Progress/Spinner.tsx": {"lines":{"total":38,"covered":38,"skipped":0,"pct":100},"functions":{"total":1,"covered":1,"skipped":0,"pct":100},"statements":{"total":38,"covered":38,"skipped":0,"pct":100},"branches":{"total":8,"covered":8,"skipped":0,"pct":100}}
,"/Users/matt/Development/UIUX/perfect/packages/react/src/atoms/feedback/ProgressRing/ProgressRing.tsx": {"lines":{"total":75,"covered":74,"skipped":0,"pct":98.66},"functions":{"total":1,"covered":1,"skipped":0,"pct":100},"statements":{"total":75,"covered":74,"skipped":0,"pct":98.66},"branches":{"total":10,"covered":8,"skipped":0,"pct":80}}
,"/Users/matt/Development/UIUX/perfect/packages/react/src/atoms/feedback/SegmentedBar/SegmentedBar.tsx": {"lines":{"total":53,"covered":53,"skipped":0,"pct":100},"functions":{"total":2,"covered":2,"skipped":0,"pct":100},"statements":{"total":53,"covered":53,"skipped":0,"pct":100},"branches":{"total":18,"covered":17,"skipped":0,"pct":94.44}}
,"/Users/matt/Development/UIUX/perfect/packages/react/src/atoms/feedback/Skeleton/Skeleton.tsx": {"lines":{"total":25,"covered":25,"skipped":0,"pct":100},"functions":{"total":1,"covered":1,"skipped":0,"pct":100},"statements":{"total":25,"covered":25,"skipped":0,"pct":100},"branches":{"total":4,"covered":4,"skipped":0,"pct":100}}
,"/Users/matt/Development/UIUX/perfect/packages/react/src/atoms/feedback/Steps/Steps.tsx": {"lines":{"total":98,"covered":98,"skipped":0,"pct":100},"functions":{"total":1,"covered":1,"skipped":0,"pct":100},"statements":{"total":98,"covered":98,"skipped":0,"pct":100},"branches":{"total":26,"covered":25,"skipped":0,"pct":96.15}}
,"/Users/matt/Development/UIUX/perfect/packages/react/src/atoms/inputs/Button/Button.tsx": {"lines":{"total":43,"covered":43,"skipped":0,"pct":100},"functions":{"total":1,"covered":1,"skipped":0,"pct":100},"statements":{"total":43,"covered":43,"skipped":0,"pct":100},"branches":{"total":9,"covered":8,"skipped":0,"pct":88.88}}
,"/Users/matt/Development/UIUX/perfect/packages/react/src/atoms/inputs/Button/IconButton.tsx": {"lines":{"total":35,"covered":35,"skipped":0,"pct":100},"functions":{"total":1,"covered":1,"skipped":0,"pct":100},"statements":{"total":35,"covered":35,"skipped":0,"pct":100},"branches":{"total":3,"covered":3,"skipped":0,"pct":100}}
,"/Users/matt/Development/UIUX/perfect/packages/react/src/atoms/inputs/FilterChip/FilterChip.tsx": {"lines":{"total":45,"covered":42,"skipped":0,"pct":93.33},"functions":{"total":2,"covered":2,"skipped":0,"pct":100},"statements":{"total":45,"covered":42,"skipped":0,"pct":93.33},"branches":{"total":8,"covered":6,"skipped":0,"pct":75}}
,"/Users/matt/Development/UIUX/perfect/packages/react/src/atoms/inputs/Input/Input.tsx": {"lines":{"total":42,"covered":39,"skipped":0,"pct":92.85},"functions":{"total":1,"covered":1,"skipped":0,"pct":100},"statements":{"total":42,"covered":39,"skipped":0,"pct":92.85},"branches":{"total":16,"covered":11,"skipped":0,"pct":68.75}}
,"/Users/matt/Development/UIUX/perfect/packages/react/src/atoms/inputs/NumberInput/NumberInput.tsx": {"lines":{"total":208,"covered":202,"skipped":0,"pct":97.11},"functions":{"total":17,"covered":16,"skipped":0,"pct":94.11},"statements":{"total":208,"covered":202,"skipped":0,"pct":97.11},"branches":{"total":71,"covered":53,"skipped":0,"pct":74.64}}
,"/Users/matt/Development/UIUX/perfect/packages/react/src/atoms/inputs/OtpField/OtpField.tsx": {"lines":{"total":114,"covered":106,"skipped":0,"pct":92.98},"functions":{"total":5,"covered":2,"skipped":0,"pct":40},"statements":{"total":114,"covered":106,"skipped":0,"pct":92.98},"branches":{"total":34,"covered":29,"skipped":0,"pct":85.29}}
,"/Users/matt/Development/UIUX/perfect/packages/react/src/atoms/inputs/RadioCard/RadioCard.tsx": {"lines":{"total":85,"covered":71,"skipped":0,"pct":83.52},"functions":{"total":3,"covered":2,"skipped":0,"pct":66.66},"statements":{"total":85,"covered":71,"skipped":0,"pct":83.52},"branches":{"total":18,"covered":2,"skipped":0,"pct":11.11}}
,"/Users/matt/Development/UIUX/perfect/packages/react/src/atoms/inputs/Rating/Rating.tsx": {"lines":{"total":105,"covered":105,"skipped":0,"pct":100},"functions":{"total":11,"covered":9,"skipped":0,"pct":81.81},"statements":{"total":105,"covered":105,"skipped":0,"pct":100},"branches":{"total":30,"covered":29,"skipped":0,"pct":96.66}}
,"/Users/matt/Development/UIUX/perfect/packages/react/src/atoms/inputs/SearchField/SearchField.tsx": {"lines":{"total":83,"covered":82,"skipped":0,"pct":98.79},"functions":{"total":3,"covered":3,"skipped":0,"pct":100},"statements":{"total":83,"covered":82,"skipped":0,"pct":98.79},"branches":{"total":14,"covered":9,"skipped":0,"pct":64.28}}
,"/Users/matt/Development/UIUX/perfect/packages/react/src/atoms/inputs/Selection/Checkbox.tsx": {"lines":{"total":78,"covered":78,"skipped":0,"pct":100},"functions":{"total":2,"covered":2,"skipped":0,"pct":100},"statements":{"total":78,"covered":78,"skipped":0,"pct":100},"branches":{"total":26,"covered":22,"skipped":0,"pct":84.61}}
,"/Users/matt/Development/UIUX/perfect/packages/react/src/atoms/inputs/Selection/Radio.tsx": {"lines":{"total":49,"covered":47,"skipped":0,"pct":95.91},"functions":{"total":2,"covered":2,"skipped":0,"pct":100},"statements":{"total":49,"covered":47,"skipped":0,"pct":95.91},"branches":{"total":16,"covered":6,"skipped":0,"pct":37.5}}
,"/Users/matt/Development/UIUX/perfect/packages/react/src/atoms/inputs/Selection/Switch.tsx": {"lines":{"total":64,"covered":64,"skipped":0,"pct":100},"functions":{"total":2,"covered":2,"skipped":0,"pct":100},"statements":{"total":64,"covered":64,"skipped":0,"pct":100},"branches":{"total":15,"covered":12,"skipped":0,"pct":80}}
,"/Users/matt/Development/UIUX/perfect/packages/react/src/atoms/inputs/Slider/Slider.tsx": {"lines":{"total":97,"covered":97,"skipped":0,"pct":100},"functions":{"total":4,"covered":4,"skipped":0,"pct":100},"statements":{"total":97,"covered":97,"skipped":0,"pct":100},"branches":{"total":34,"covered":27,"skipped":0,"pct":79.41}}
,"/Users/matt/Development/UIUX/perfect/packages/react/src/atoms/inputs/Textarea/Textarea.tsx": {"lines":{"total":31,"covered":31,"skipped":0,"pct":100},"functions":{"total":1,"covered":1,"skipped":0,"pct":100},"statements":{"total":31,"covered":31,"skipped":0,"pct":100},"branches":{"total":8,"covered":4,"skipped":0,"pct":50}}
,"/Users/matt/Development/UIUX/perfect/packages/react/src/atoms/inputs/Toggle/Toggle.tsx": {"lines":{"total":50,"covered":50,"skipped":0,"pct":100},"functions":{"total":2,"covered":2,"skipped":0,"pct":100},"statements":{"total":50,"covered":50,"skipped":0,"pct":100},"branches":{"total":11,"covered":9,"skipped":0,"pct":81.81}}
,"/Users/matt/Development/UIUX/perfect/packages/react/src/haptics/HapticsProvider.tsx": {"lines":{"total":29,"covered":29,"skipped":0,"pct":100},"functions":{"total":3,"covered":3,"skipped":0,"pct":100},"statements":{"total":29,"covered":29,"skipped":0,"pct":100},"branches":{"total":17,"covered":15,"skipped":0,"pct":88.23}}
,"/Users/matt/Development/UIUX/perfect/packages/react/src/haptics/haptics.ts": {"lines":{"total":41,"covered":41,"skipped":0,"pct":100},"functions":{"total":5,"covered":5,"skipped":0,"pct":100},"statements":{"total":41,"covered":41,"skipped":0,"pct":100},"branches":{"total":13,"covered":12,"skipped":0,"pct":92.3}}
,"/Users/matt/Development/UIUX/perfect/packages/react/src/i18n/LocaleProvider.tsx": {"lines":{"total":14,"covered":14,"skipped":0,"pct":100},"functions":{"total":3,"covered":3,"skipped":0,"pct":100},"statements":{"total":14,"covered":14,"skipped":0,"pct":100},"branches":{"total":5,"covered":5,"skipped":0,"pct":100}}
,"/Users/matt/Development/UIUX/perfect/packages/react/src/i18n/index.ts": {"lines":{"total":3,"covered":3,"skipped":0,"pct":100},"functions":{"total":0,"covered":0,"skipped":0,"pct":100},"statements":{"total":3,"covered":3,"skipped":0,"pct":100},"branches":{"total":0,"covered":0,"skipped":0,"pct":100}}
,"/Users/matt/Development/UIUX/perfect/packages/react/src/i18n/locale.ts": {"lines":{"total":15,"covered":13,"skipped":0,"pct":86.66},"functions":{"total":3,"covered":2,"skipped":0,"pct":66.66},"statements":{"total":15,"covered":13,"skipped":0,"pct":86.66},"branches":{"total":6,"covered":5,"skipped":0,"pct":83.33}}
,"/Users/matt/Development/UIUX/perfect/packages/react/src/i18n/messages.ts": {"lines":{"total":24,"covered":24,"skipped":0,"pct":100},"functions":{"total":0,"covered":0,"skipped":0,"pct":100},"statements":{"total":24,"covered":24,"skipped":0,"pct":100},"branches":{"total":0,"covered":0,"skipped":0,"pct":100}}
,"/Users/matt/Development/UIUX/perfect/packages/react/src/internal/ArrowGlass.tsx": {"lines":{"total":85,"covered":79,"skipped":0,"pct":92.94},"functions":{"total":5,"covered":5,"skipped":0,"pct":100},"statements":{"total":85,"covered":79,"skipped":0,"pct":92.94},"branches":{"total":34,"covered":26,"skipped":0,"pct":76.47}}
,"/Users/matt/Development/UIUX/perfect/packages/react/src/internal/FieldContext.ts": {"lines":{"total":3,"covered":3,"skipped":0,"pct":100},"functions":{"total":1,"covered":1,"skipped":0,"pct":100},"statements":{"total":3,"covered":3,"skipped":0,"pct":100},"branches":{"total":1,"covered":1,"skipped":0,"pct":100}}
,"/Users/matt/Development/UIUX/perfect/packages/react/src/internal/cx.ts": {"lines":{"total":2,"covered":2,"skipped":0,"pct":100},"functions":{"total":1,"covered":1,"skipped":0,"pct":100},"statements":{"total":2,"covered":2,"skipped":0,"pct":100},"branches":{"total":1,"covered":1,"skipped":0,"pct":100}}
,"/Users/matt/Development/UIUX/perfect/packages/react/src/internal/direction.ts": {"lines":{"total":28,"covered":28,"skipped":0,"pct":100},"functions":{"total":3,"covered":3,"skipped":0,"pct":100},"statements":{"total":28,"covered":28,"skipped":0,"pct":100},"branches":{"total":15,"covered":12,"skipped":0,"pct":80}}
,"/Users/matt/Development/UIUX/perfect/packages/react/src/internal/poly.ts": {"lines":{"total":3,"covered":3,"skipped":0,"pct":100},"functions":{"total":1,"covered":1,"skipped":0,"pct":100},"statements":{"total":3,"covered":3,"skipped":0,"pct":100},"branches":{"total":2,"covered":2,"skipped":0,"pct":100}}
,"/Users/matt/Development/UIUX/perfect/packages/react/src/internal/useAnchoredPosition.ts": {"lines":{"total":120,"covered":115,"skipped":0,"pct":95.83},"functions":{"total":4,"covered":4,"skipped":0,"pct":100},"statements":{"total":120,"covered":115,"skipped":0,"pct":95.83},"branches":{"total":70,"covered":58,"skipped":0,"pct":82.85}}
,"/Users/matt/Development/UIUX/perfect/packages/react/src/internal/useControlled.ts": {"lines":{"total":16,"covered":16,"skipped":0,"pct":100},"functions":{"total":1,"covered":1,"skipped":0,"pct":100},"statements":{"total":16,"covered":16,"skipped":0,"pct":100},"branches":{"total":5,"covered":5,"skipped":0,"pct":100}}
,"/Users/matt/Development/UIUX/perfect/packages/react/src/internal/useDialogLayer.ts": {"lines":{"total":59,"covered":59,"skipped":0,"pct":100},"functions":{"total":3,"covered":3,"skipped":0,"pct":100},"statements":{"total":59,"covered":59,"skipped":0,"pct":100},"branches":{"total":32,"covered":31,"skipped":0,"pct":96.87}}
,"/Users/matt/Development/UIUX/perfect/packages/react/src/layout/Box.tsx": {"lines":{"total":17,"covered":17,"skipped":0,"pct":100},"functions":{"total":1,"covered":1,"skipped":0,"pct":100},"statements":{"total":17,"covered":17,"skipped":0,"pct":100},"branches":{"total":1,"covered":1,"skipped":0,"pct":100}}
,"/Users/matt/Development/UIUX/perfect/packages/react/src/layout/Center.tsx": {"lines":{"total":17,"covered":17,"skipped":0,"pct":100},"functions":{"total":1,"covered":1,"skipped":0,"pct":100},"statements":{"total":17,"covered":17,"skipped":0,"pct":100},"branches":{"total":1,"covered":1,"skipped":0,"pct":100}}
,"/Users/matt/Development/UIUX/perfect/packages/react/src/layout/Container.tsx": {"lines":{"total":23,"covered":23,"skipped":0,"pct":100},"functions":{"total":1,"covered":1,"skipped":0,"pct":100},"statements":{"total":23,"covered":23,"skipped":0,"pct":100},"branches":{"total":2,"covered":1,"skipped":0,"pct":50}}
,"/Users/matt/Development/UIUX/perfect/packages/react/src/layout/Grid.tsx": {"lines":{"total":34,"covered":34,"skipped":0,"pct":100},"functions":{"total":1,"covered":1,"skipped":0,"pct":100},"statements":{"total":34,"covered":34,"skipped":0,"pct":100},"branches":{"total":4,"covered":4,"skipped":0,"pct":100}}
,"/Users/matt/Development/UIUX/perfect/packages/react/src/layout/Row.tsx": {"lines":{"total":30,"covered":30,"skipped":0,"pct":100},"functions":{"total":1,"covered":1,"skipped":0,"pct":100},"statements":{"total":30,"covered":30,"skipped":0,"pct":100},"branches":{"total":3,"covered":3,"skipped":0,"pct":100}}
,"/Users/matt/Development/UIUX/perfect/packages/react/src/layout/Spacer.tsx": {"lines":{"total":5,"covered":5,"skipped":0,"pct":100},"functions":{"total":1,"covered":1,"skipped":0,"pct":100},"statements":{"total":5,"covered":5,"skipped":0,"pct":100},"branches":{"total":1,"covered":1,"skipped":0,"pct":100}}
,"/Users/matt/Development/UIUX/perfect/packages/react/src/layout/Stack.tsx": {"lines":{"total":28,"covered":28,"skipped":0,"pct":100},"functions":{"total":1,"covered":1,"skipped":0,"pct":100},"statements":{"total":28,"covered":28,"skipped":0,"pct":100},"branches":{"total":1,"covered":1,"skipped":0,"pct":100}}
,"/Users/matt/Development/UIUX/perfect/packages/react/src/layout/resolve.ts": {"lines":{"total":114,"covered":114,"skipped":0,"pct":100},"functions":{"total":6,"covered":6,"skipped":0,"pct":100},"statements":{"total":114,"covered":114,"skipped":0,"pct":100},"branches":{"total":27,"covered":19,"skipped":0,"pct":70.37}}
,"/Users/matt/Development/UIUX/perfect/packages/react/src/layout/types.ts": {"lines":{"total":0,"covered":0,"skipped":0,"pct":100},"functions":{"total":1,"covered":1,"skipped":0,"pct":100},"statements":{"total":0,"covered":0,"skipped":0,"pct":100},"branches":{"total":1,"covered":1,"skipped":0,"pct":100}}
,"/Users/matt/Development/UIUX/perfect/packages/react/src/molecules/Accordion/Accordion.tsx": {"lines":{"total":38,"covered":36,"skipped":0,"pct":94.73},"functions":{"total":4,"covered":4,"skipped":0,"pct":100},"statements":{"total":38,"covered":36,"skipped":0,"pct":94.73},"branches":{"total":18,"covered":15,"skipped":0,"pct":83.33}}
,"/Users/matt/Development/UIUX/perfect/packages/react/src/molecules/Breadcrumbs/Breadcrumbs.tsx": {"lines":{"total":28,"covered":27,"skipped":0,"pct":96.42},"functions":{"total":1,"covered":1,"skipped":0,"pct":100},"statements":{"total":28,"covered":27,"skipped":0,"pct":96.42},"branches":{"total":8,"covered":7,"skipped":0,"pct":87.5}}
,"/Users/matt/Development/UIUX/perfect/packages/react/src/molecules/Carousel/Carousel.tsx": {"lines":{"total":107,"covered":107,"skipped":0,"pct":100},"functions":{"total":5,"covered":5,"skipped":0,"pct":100},"statements":{"total":107,"covered":107,"skipped":0,"pct":100},"branches":{"total":27,"covered":20,"skipped":0,"pct":74.07}}
,"/Users/matt/Development/UIUX/perfect/packages/react/src/molecules/Combobox/Combobox.tsx": {"lines":{"total":238,"covered":205,"skipped":0,"pct":86.13},"functions":{"total":16,"covered":12,"skipped":0,"pct":75},"statements":{"total":238,"covered":205,"skipped":0,"pct":86.13},"branches":{"total":85,"covered":63,"skipped":0,"pct":74.11}}
,"/Users/matt/Development/UIUX/perfect/packages/react/src/molecules/DatePicker/Calendar.tsx": {"lines":{"total":117,"covered":117,"skipped":0,"pct":100},"functions":{"total":3,"covered":3,"skipped":0,"pct":100},"statements":{"total":117,"covered":117,"skipped":0,"pct":100},"branches":{"total":24,"covered":19,"skipped":0,"pct":79.16}}
,"/Users/matt/Development/UIUX/perfect/packages/react/src/molecules/DatePicker/DatePicker.tsx": {"lines":{"total":159,"covered":159,"skipped":0,"pct":100},"functions":{"total":6,"covered":6,"skipped":0,"pct":100},"statements":{"total":159,"covered":159,"skipped":0,"pct":100},"branches":{"total":37,"covered":29,"skipped":0,"pct":78.37}}
,"/Users/matt/Development/UIUX/perfect/packages/react/src/molecules/Field/Field.tsx": {"lines":{"total":65,"covered":62,"skipped":0,"pct":95.38},"functions":{"total":1,"covered":1,"skipped":0,"pct":100},"statements":{"total":65,"covered":62,"skipped":0,"pct":95.38},"branches":{"total":18,"covered":14,"skipped":0,"pct":77.77}}
,"/Users/matt/Development/UIUX/perfect/packages/react/src/molecules/Fieldset/Fieldset.tsx": {"lines":{"total":47,"covered":47,"skipped":0,"pct":100},"functions":{"total":1,"covered":1,"skipped":0,"pct":100},"statements":{"total":47,"covered":47,"skipped":0,"pct":100},"branches":{"total":10,"covered":9,"skipped":0,"pct":90}}
,"/Users/matt/Development/UIUX/perfect/packages/react/src/molecules/Fieldset/FormSection.tsx": {"lines":{"total":50,"covered":50,"skipped":0,"pct":100},"functions":{"total":1,"covered":1,"skipped":0,"pct":100},"statements":{"total":50,"covered":50,"skipped":0,"pct":100},"branches":{"total":7,"covered":6,"skipped":0,"pct":85.71}}
,"/Users/matt/Development/UIUX/perfect/packages/react/src/molecules/FileUpload/FileUpload.tsx": {"lines":{"total":262,"covered":255,"skipped":0,"pct":97.32},"functions":{"total":15,"covered":14,"skipped":0,"pct":93.33},"statements":{"total":262,"covered":255,"skipped":0,"pct":97.32},"branches":{"total":74,"covered":64,"skipped":0,"pct":86.48}}
,"/Users/matt/Development/UIUX/perfect/packages/react/src/molecules/Heatmap/Heatmap.tsx": {"lines":{"total":127,"covered":115,"skipped":0,"pct":90.55},"functions":{"total":4,"covered":4,"skipped":0,"pct":100},"statements":{"total":127,"covered":115,"skipped":0,"pct":90.55},"branches":{"total":35,"covered":34,"skipped":0,"pct":97.14}}
,"/Users/matt/Development/UIUX/perfect/packages/react/src/molecules/List/List.tsx": {"lines":{"total":49,"covered":49,"skipped":0,"pct":100},"functions":{"total":2,"covered":2,"skipped":0,"pct":100},"statements":{"total":49,"covered":49,"skipped":0,"pct":100},"branches":{"total":15,"covered":15,"skipped":0,"pct":100}}
,"/Users/matt/Development/UIUX/perfect/packages/react/src/molecules/MultiSelect/MultiSelect.tsx": {"lines":{"total":281,"covered":247,"skipped":0,"pct":87.9},"functions":{"total":19,"covered":15,"skipped":0,"pct":78.94},"statements":{"total":281,"covered":247,"skipped":0,"pct":87.9},"branches":{"total":92,"covered":68,"skipped":0,"pct":73.91}}
,"/Users/matt/Development/UIUX/perfect/packages/react/src/molecules/Pagination/Pagination.tsx": {"lines":{"total":64,"covered":64,"skipped":0,"pct":100},"functions":{"total":7,"covered":4,"skipped":0,"pct":57.14},"statements":{"total":64,"covered":64,"skipped":0,"pct":100},"branches":{"total":17,"covered":16,"skipped":0,"pct":94.11}}
,"/Users/matt/Development/UIUX/perfect/packages/react/src/molecules/ScrollArea/ScrollArea.tsx": {"lines":{"total":68,"covered":64,"skipped":0,"pct":94.11},"functions":{"total":1,"covered":1,"skipped":0,"pct":100},"statements":{"total":68,"covered":64,"skipped":0,"pct":94.11},"branches":{"total":17,"covered":15,"skipped":0,"pct":88.23}}
,"/Users/matt/Development/UIUX/perfect/packages/react/src/molecules/Segmented/SegmentedControl.tsx": {"lines":{"total":80,"covered":80,"skipped":0,"pct":100},"functions":{"total":2,"covered":2,"skipped":0,"pct":100},"statements":{"total":80,"covered":80,"skipped":0,"pct":100},"branches":{"total":16,"covered":13,"skipped":0,"pct":81.25}}
,"/Users/matt/Development/UIUX/perfect/packages/react/src/molecules/Select/Select.tsx": {"lines":{"total":228,"covered":213,"skipped":0,"pct":93.42},"functions":{"total":12,"covered":10,"skipped":0,"pct":83.33},"statements":{"total":228,"covered":213,"skipped":0,"pct":93.42},"branches":{"total":86,"covered":61,"skipped":0,"pct":70.93}}
,"/Users/matt/Development/UIUX/perfect/packages/react/src/molecules/Spotlight/Spotlight.tsx": {"lines":{"total":172,"covered":152,"skipped":0,"pct":88.37},"functions":{"total":4,"covered":3,"skipped":0,"pct":75},"statements":{"total":172,"covered":152,"skipped":0,"pct":88.37},"branches":{"total":38,"covered":32,"skipped":0,"pct":84.21}}
,"/Users/matt/Development/UIUX/perfect/packages/react/src/molecules/Tabs/Tabs.tsx": {"lines":{"total":132,"covered":132,"skipped":0,"pct":100},"functions":{"total":5,"covered":5,"skipped":0,"pct":100},"statements":{"total":132,"covered":132,"skipped":0,"pct":100},"branches":{"total":36,"covered":26,"skipped":0,"pct":72.22}}
,"/Users/matt/Development/UIUX/perfect/packages/react/src/molecules/Toast/Toast.tsx": {"lines":{"total":120,"covered":120,"skipped":0,"pct":100},"functions":{"total":4,"covered":4,"skipped":0,"pct":100},"statements":{"total":120,"covered":120,"skipped":0,"pct":100},"branches":{"total":34,"covered":28,"skipped":0,"pct":82.35}}
,"/Users/matt/Development/UIUX/perfect/packages/react/src/molecules/Tooltip/Tooltip.tsx": {"lines":{"total":112,"covered":94,"skipped":0,"pct":83.92},"functions":{"total":10,"covered":7,"skipped":0,"pct":70},"statements":{"total":112,"covered":94,"skipped":0,"pct":83.92},"branches":{"total":32,"covered":23,"skipped":0,"pct":71.87}}
,"/Users/matt/Development/UIUX/perfect/packages/react/src/organisms/AlertDialog/AlertDialog.tsx": {"lines":{"total":82,"covered":82,"skipped":0,"pct":100},"functions":{"total":2,"covered":2,"skipped":0,"pct":100},"statements":{"total":82,"covered":82,"skipped":0,"pct":100},"branches":{"total":18,"covered":14,"skipped":0,"pct":77.77}}
,"/Users/matt/Development/UIUX/perfect/packages/react/src/organisms/AppShell/AppShell.tsx": {"lines":{"total":132,"covered":125,"skipped":0,"pct":94.69},"functions":{"total":9,"covered":5,"skipped":0,"pct":55.55},"statements":{"total":132,"covered":125,"skipped":0,"pct":94.69},"branches":{"total":25,"covered":16,"skipped":0,"pct":64}}
,"/Users/matt/Development/UIUX/perfect/packages/react/src/organisms/DataGrid/DataGrid.tsx": {"lines":{"total":309,"covered":307,"skipped":0,"pct":99.35},"functions":{"total":16,"covered":15,"skipped":0,"pct":93.75},"statements":{"total":309,"covered":307,"skipped":0,"pct":99.35},"branches":{"total":128,"covered":115,"skipped":0,"pct":89.84}}
,"/Users/matt/Development/UIUX/perfect/packages/react/src/organisms/Drawer/Drawer.tsx": {"lines":{"total":92,"covered":90,"skipped":0,"pct":97.82},"functions":{"total":3,"covered":2,"skipped":0,"pct":66.66},"statements":{"total":92,"covered":90,"skipped":0,"pct":97.82},"branches":{"total":29,"covered":20,"skipped":0,"pct":68.96}}
,"/Users/matt/Development/UIUX/perfect/packages/react/src/organisms/FloatingPanel/FloatingPanel.tsx": {"lines":{"total":121,"covered":117,"skipped":0,"pct":96.69},"functions":{"total":8,"covered":7,"skipped":0,"pct":87.5},"statements":{"total":121,"covered":117,"skipped":0,"pct":96.69},"branches":{"total":35,"covered":28,"skipped":0,"pct":80}}
,"/Users/matt/Development/UIUX/perfect/packages/react/src/organisms/Menu/Menu.tsx": {"lines":{"total":504,"covered":480,"skipped":0,"pct":95.23},"functions":{"total":47,"covered":38,"skipped":0,"pct":80.85},"statements":{"total":504,"covered":480,"skipped":0,"pct":95.23},"branches":{"total":142,"covered":107,"skipped":0,"pct":75.35}}
,"/Users/matt/Development/UIUX/perfect/packages/react/src/organisms/Modal/Modal.tsx": {"lines":{"total":65,"covered":65,"skipped":0,"pct":100},"functions":{"total":2,"covered":2,"skipped":0,"pct":100},"statements":{"total":65,"covered":65,"skipped":0,"pct":100},"branches":{"total":19,"covered":14,"skipped":0,"pct":73.68}}
,"/Users/matt/Development/UIUX/perfect/packages/react/src/organisms/Popover/Popover.tsx": {"lines":{"total":103,"covered":95,"skipped":0,"pct":92.23},"functions":{"total":7,"covered":5,"skipped":0,"pct":71.42},"statements":{"total":103,"covered":95,"skipped":0,"pct":92.23},"branches":{"total":22,"covered":18,"skipped":0,"pct":81.81}}
,"/Users/matt/Development/UIUX/perfect/packages/react/src/organisms/ResizableSplitPane/ResizableSplitPane.tsx": {"lines":{"total":134,"covered":133,"skipped":0,"pct":99.25},"functions":{"total":8,"covered":8,"skipped":0,"pct":100},"statements":{"total":134,"covered":133,"skipped":0,"pct":99.25},"branches":{"total":44,"covered":36,"skipped":0,"pct":81.81}}
,"/Users/matt/Development/UIUX/perfect/packages/react/src/organisms/TabStrip/TabStrip.tsx": {"lines":{"total":135,"covered":128,"skipped":0,"pct":94.81},"functions":{"total":7,"covered":7,"skipped":0,"pct":100},"statements":{"total":135,"covered":128,"skipped":0,"pct":94.81},"branches":{"total":37,"covered":27,"skipped":0,"pct":72.97}}
,"/Users/matt/Development/UIUX/perfect/packages/react/src/organisms/TabbedModal/TabbedModal.tsx": {"lines":{"total":113,"covered":104,"skipped":0,"pct":92.03},"functions":{"total":5,"covered":5,"skipped":0,"pct":100},"statements":{"total":113,"covered":104,"skipped":0,"pct":92.03},"branches":{"total":29,"covered":19,"skipped":0,"pct":65.51}}
,"/Users/matt/Development/UIUX/perfect/packages/react/src/organisms/TabbedPanel/TabbedPanel.tsx": {"lines":{"total":114,"covered":111,"skipped":0,"pct":97.36},"functions":{"total":5,"covered":5,"skipped":0,"pct":100},"statements":{"total":114,"covered":111,"skipped":0,"pct":97.36},"branches":{"total":31,"covered":24,"skipped":0,"pct":77.41}}
,"/Users/matt/Development/UIUX/perfect/packages/react/src/organisms/Table/Table.tsx": {"lines":{"total":36,"covered":31,"skipped":0,"pct":86.11},"functions":{"total":1,"covered":1,"skipped":0,"pct":100},"statements":{"total":36,"covered":31,"skipped":0,"pct":86.11},"branches":{"total":10,"covered":4,"skipped":0,"pct":40}}
,"/Users/matt/Development/UIUX/perfect/packages/react/src/organisms/TreeView/TreeView.tsx": {"lines":{"total":235,"covered":232,"skipped":0,"pct":98.72},"functions":{"total":10,"covered":10,"skipped":0,"pct":100},"statements":{"total":235,"covered":232,"skipped":0,"pct":98.72},"branches":{"total":91,"covered":81,"skipped":0,"pct":89.01}}
,"/Users/matt/Development/UIUX/perfect/packages/react/src/structures/NavBar/NavBar.tsx": {"lines":{"total":97,"covered":96,"skipped":0,"pct":98.96},"functions":{"total":2,"covered":2,"skipped":0,"pct":100},"statements":{"total":97,"covered":96,"skipped":0,"pct":98.96},"branches":{"total":27,"covered":24,"skipped":0,"pct":88.88}}
,"/Users/matt/Development/UIUX/perfect/packages/react/src/structures/Sidebar/Sidebar.tsx": {"lines":{"total":68,"covered":64,"skipped":0,"pct":94.11},"functions":{"total":3,"covered":3,"skipped":0,"pct":100},"statements":{"total":68,"covered":64,"skipped":0,"pct":94.11},"branches":{"total":17,"covered":14,"skipped":0,"pct":82.35}}
,"/Users/matt/Development/UIUX/perfect/packages/react/src/structures/TitleBar/TitleBar.tsx": {"lines":{"total":53,"covered":53,"skipped":0,"pct":100},"functions":{"total":1,"covered":1,"skipped":0,"pct":100},"statements":{"total":53,"covered":53,"skipped":0,"pct":100},"branches":{"total":10,"covered":8,"skipped":0,"pct":80}}
,"/Users/matt/Development/UIUX/perfect/packages/react/src/structures/Toolbar/Toolbar.tsx": {"lines":{"total":24,"covered":24,"skipped":0,"pct":100},"functions":{"total":1,"covered":1,"skipped":0,"pct":100},"statements":{"total":24,"covered":24,"skipped":0,"pct":100},"branches":{"total":2,"covered":2,"skipped":0,"pct":100}}
,"/Users/matt/Development/UIUX/perfect/packages/spec/src/enums.ts": {"lines":{"total":36,"covered":36,"skipped":0,"pct":100},"functions":{"total":0,"covered":0,"skipped":0,"pct":100},"statements":{"total":36,"covered":36,"skipped":0,"pct":100},"branches":{"total":5,"covered":5,"skipped":0,"pct":100}}
,"/Users/matt/Development/UIUX/perfect/packages/spec/src/index.ts": {"lines":{"total":254,"covered":254,"skipped":0,"pct":100},"functions":{"total":1,"covered":1,"skipped":0,"pct":100},"statements":{"total":254,"covered":254,"skipped":0,"pct":100},"branches":{"total":2,"covered":2,"skipped":0,"pct":100}}
,"/Users/matt/Development/UIUX/perfect/packages/spec/src/schema-json.ts": {"lines":{"total":176,"covered":176,"skipped":0,"pct":100},"functions":{"total":0,"covered":0,"skipped":0,"pct":100},"statements":{"total":176,"covered":176,"skipped":0,"pct":100},"branches":{"total":0,"covered":0,"skipped":0,"pct":100}}
,"/Users/matt/Development/UIUX/perfect/packages/spec/src/schema.ts": {"lines":{"total":115,"covered":115,"skipped":0,"pct":100},"functions":{"total":9,"covered":9,"skipped":0,"pct":100},"statements":{"total":115,"covered":115,"skipped":0,"pct":100},"branches":{"total":97,"covered":93,"skipped":0,"pct":95.87}}
,"/Users/matt/Development/UIUX/perfect/packages/spec/src/vocab.ts": {"lines":{"total":41,"covered":41,"skipped":0,"pct":100},"functions":{"total":4,"covered":4,"skipped":0,"pct":100},"statements":{"total":41,"covered":41,"skipped":0,"pct":100},"branches":{"total":7,"covered":7,"skipped":0,"pct":100}}
,"/Users/matt/Development/UIUX/perfect/packages/spec/src/components/accordion.ts": {"lines":{"total":24,"covered":24,"skipped":0,"pct":100},"functions":{"total":0,"covered":0,"skipped":0,"pct":100},"statements":{"total":24,"covered":24,"skipped":0,"pct":100},"branches":{"total":0,"covered":0,"skipped":0,"pct":100}}
,"/Users/matt/Development/UIUX/perfect/packages/spec/src/components/alert-dialog.ts": {"lines":{"total":101,"covered":101,"skipped":0,"pct":100},"functions":{"total":0,"covered":0,"skipped":0,"pct":100},"statements":{"total":101,"covered":101,"skipped":0,"pct":100},"branches":{"total":0,"covered":0,"skipped":0,"pct":100}}
,"/Users/matt/Development/UIUX/perfect/packages/spec/src/components/app-shell.ts": {"lines":{"total":91,"covered":91,"skipped":0,"pct":100},"functions":{"total":0,"covered":0,"skipped":0,"pct":100},"statements":{"total":91,"covered":91,"skipped":0,"pct":100},"branches":{"total":0,"covered":0,"skipped":0,"pct":100}}
,"/Users/matt/Development/UIUX/perfect/packages/spec/src/components/avatar.ts": {"lines":{"total":51,"covered":51,"skipped":0,"pct":100},"functions":{"total":0,"covered":0,"skipped":0,"pct":100},"statements":{"total":51,"covered":51,"skipped":0,"pct":100},"branches":{"total":0,"covered":0,"skipped":0,"pct":100}}
,"/Users/matt/Development/UIUX/perfect/packages/spec/src/components/banner.ts": {"lines":{"total":94,"covered":94,"skipped":0,"pct":100},"functions":{"total":0,"covered":0,"skipped":0,"pct":100},"statements":{"total":94,"covered":94,"skipped":0,"pct":100},"branches":{"total":2,"covered":1,"skipped":0,"pct":50}}
,"/Users/matt/Development/UIUX/perfect/packages/spec/src/components/breadcrumbs.ts": {"lines":{"total":23,"covered":23,"skipped":0,"pct":100},"functions":{"total":0,"covered":0,"skipped":0,"pct":100},"statements":{"total":23,"covered":23,"skipped":0,"pct":100},"branches":{"total":0,"covered":0,"skipped":0,"pct":100}}
,"/Users/matt/Development/UIUX/perfect/packages/spec/src/components/button.ts": {"lines":{"total":79,"covered":79,"skipped":0,"pct":100},"functions":{"total":0,"covered":0,"skipped":0,"pct":100},"statements":{"total":79,"covered":79,"skipped":0,"pct":100},"branches":{"total":0,"covered":0,"skipped":0,"pct":100}}
,"/Users/matt/Development/UIUX/perfect/packages/spec/src/components/calendar.ts": {"lines":{"total":93,"covered":93,"skipped":0,"pct":100},"functions":{"total":0,"covered":0,"skipped":0,"pct":100},"statements":{"total":93,"covered":93,"skipped":0,"pct":100},"branches":{"total":0,"covered":0,"skipped":0,"pct":100}}
,"/Users/matt/Development/UIUX/perfect/packages/spec/src/components/callout.ts": {"lines":{"total":54,"covered":54,"skipped":0,"pct":100},"functions":{"total":0,"covered":0,"skipped":0,"pct":100},"statements":{"total":54,"covered":54,"skipped":0,"pct":100},"branches":{"total":0,"covered":0,"skipped":0,"pct":100}}
,"/Users/matt/Development/UIUX/perfect/packages/spec/src/components/card.ts": {"lines":{"total":62,"covered":62,"skipped":0,"pct":100},"functions":{"total":0,"covered":0,"skipped":0,"pct":100},"statements":{"total":62,"covered":62,"skipped":0,"pct":100},"branches":{"total":0,"covered":0,"skipped":0,"pct":100}}
,"/Users/matt/Development/UIUX/perfect/packages/spec/src/components/carousel.ts": {"lines":{"total":51,"covered":51,"skipped":0,"pct":100},"functions":{"total":0,"covered":0,"skipped":0,"pct":100},"statements":{"total":51,"covered":51,"skipped":0,"pct":100},"branches":{"total":0,"covered":0,"skipped":0,"pct":100}}
,"/Users/matt/Development/UIUX/perfect/packages/spec/src/components/checkbox.ts": {"lines":{"total":49,"covered":49,"skipped":0,"pct":100},"functions":{"total":0,"covered":0,"skipped":0,"pct":100},"statements":{"total":49,"covered":49,"skipped":0,"pct":100},"branches":{"total":0,"covered":0,"skipped":0,"pct":100}}
,"/Users/matt/Development/UIUX/perfect/packages/spec/src/components/code-block.ts": {"lines":{"total":61,"covered":61,"skipped":0,"pct":100},"functions":{"total":0,"covered":0,"skipped":0,"pct":100},"statements":{"total":61,"covered":61,"skipped":0,"pct":100},"branches":{"total":0,"covered":0,"skipped":0,"pct":100}}
,"/Users/matt/Development/UIUX/perfect/packages/spec/src/components/combobox.ts": {"lines":{"total":112,"covered":112,"skipped":0,"pct":100},"functions":{"total":0,"covered":0,"skipped":0,"pct":100},"statements":{"total":112,"covered":112,"skipped":0,"pct":100},"branches":{"total":0,"covered":0,"skipped":0,"pct":100}}
,"/Users/matt/Development/UIUX/perfect/packages/spec/src/components/counter-badge.ts": {"lines":{"total":46,"covered":46,"skipped":0,"pct":100},"functions":{"total":0,"covered":0,"skipped":0,"pct":100},"statements":{"total":46,"covered":46,"skipped":0,"pct":100},"branches":{"total":0,"covered":0,"skipped":0,"pct":100}}
,"/Users/matt/Development/UIUX/perfect/packages/spec/src/components/data-grid.ts": {"lines":{"total":130,"covered":130,"skipped":0,"pct":100},"functions":{"total":0,"covered":0,"skipped":0,"pct":100},"statements":{"total":130,"covered":130,"skipped":0,"pct":100},"branches":{"total":0,"covered":0,"skipped":0,"pct":100}}
,"/Users/matt/Development/UIUX/perfect/packages/spec/src/components/date-picker.ts": {"lines":{"total":93,"covered":93,"skipped":0,"pct":100},"functions":{"total":0,"covered":0,"skipped":0,"pct":100},"statements":{"total":93,"covered":93,"skipped":0,"pct":100},"branches":{"total":0,"covered":0,"skipped":0,"pct":100}}
,"/Users/matt/Development/UIUX/perfect/packages/spec/src/components/device-frame.ts": {"lines":{"total":52,"covered":52,"skipped":0,"pct":100},"functions":{"total":0,"covered":0,"skipped":0,"pct":100},"statements":{"total":52,"covered":52,"skipped":0,"pct":100},"branches":{"total":0,"covered":0,"skipped":0,"pct":100}}
,"/Users/matt/Development/UIUX/perfect/packages/spec/src/components/divider.ts": {"lines":{"total":24,"covered":24,"skipped":0,"pct":100},"functions":{"total":0,"covered":0,"skipped":0,"pct":100},"statements":{"total":24,"covered":24,"skipped":0,"pct":100},"branches":{"total":0,"covered":0,"skipped":0,"pct":100}}
,"/Users/matt/Development/UIUX/perfect/packages/spec/src/components/drawer.ts": {"lines":{"total":84,"covered":84,"skipped":0,"pct":100},"functions":{"total":0,"covered":0,"skipped":0,"pct":100},"statements":{"total":84,"covered":84,"skipped":0,"pct":100},"branches":{"total":0,"covered":0,"skipped":0,"pct":100}}
,"/Users/matt/Development/UIUX/perfect/packages/spec/src/components/empty-state.ts": {"lines":{"total":62,"covered":62,"skipped":0,"pct":100},"functions":{"total":0,"covered":0,"skipped":0,"pct":100},"statements":{"total":62,"covered":62,"skipped":0,"pct":100},"branches":{"total":0,"covered":0,"skipped":0,"pct":100}}
,"/Users/matt/Development/UIUX/perfect/packages/spec/src/components/field.ts": {"lines":{"total":57,"covered":57,"skipped":0,"pct":100},"functions":{"total":0,"covered":0,"skipped":0,"pct":100},"statements":{"total":57,"covered":57,"skipped":0,"pct":100},"branches":{"total":0,"covered":0,"skipped":0,"pct":100}}
,"/Users/matt/Development/UIUX/perfect/packages/spec/src/components/fieldset.ts": {"lines":{"total":73,"covered":73,"skipped":0,"pct":100},"functions":{"total":0,"covered":0,"skipped":0,"pct":100},"statements":{"total":73,"covered":73,"skipped":0,"pct":100},"branches":{"total":0,"covered":0,"skipped":0,"pct":100}}
,"/Users/matt/Development/UIUX/perfect/packages/spec/src/components/file-upload.ts": {"lines":{"total":155,"covered":155,"skipped":0,"pct":100},"functions":{"total":0,"covered":0,"skipped":0,"pct":100},"statements":{"total":155,"covered":155,"skipped":0,"pct":100},"branches":{"total":0,"covered":0,"skipped":0,"pct":100}}
,"/Users/matt/Development/UIUX/perfect/packages/spec/src/components/filter-chip.ts": {"lines":{"total":66,"covered":66,"skipped":0,"pct":100},"functions":{"total":0,"covered":0,"skipped":0,"pct":100},"statements":{"total":66,"covered":66,"skipped":0,"pct":100},"branches":{"total":0,"covered":0,"skipped":0,"pct":100}}
,"/Users/matt/Development/UIUX/perfect/packages/spec/src/components/floating-panel.ts": {"lines":{"total":84,"covered":84,"skipped":0,"pct":100},"functions":{"total":0,"covered":0,"skipped":0,"pct":100},"statements":{"total":84,"covered":84,"skipped":0,"pct":100},"branches":{"total":0,"covered":0,"skipped":0,"pct":100}}
,"/Users/matt/Development/UIUX/perfect/packages/spec/src/components/form-section.ts": {"lines":{"total":61,"covered":61,"skipped":0,"pct":100},"functions":{"total":0,"covered":0,"skipped":0,"pct":100},"statements":{"total":61,"covered":61,"skipped":0,"pct":100},"branches":{"total":0,"covered":0,"skipped":0,"pct":100}}
,"/Users/matt/Development/UIUX/perfect/packages/spec/src/components/heading.ts": {"lines":{"total":41,"covered":41,"skipped":0,"pct":100},"functions":{"total":0,"covered":0,"skipped":0,"pct":100},"statements":{"total":41,"covered":41,"skipped":0,"pct":100},"branches":{"total":0,"covered":0,"skipped":0,"pct":100}}
,"/Users/matt/Development/UIUX/perfect/packages/spec/src/components/heatmap.ts": {"lines":{"total":50,"covered":50,"skipped":0,"pct":100},"functions":{"total":0,"covered":0,"skipped":0,"pct":100},"statements":{"total":50,"covered":50,"skipped":0,"pct":100},"branches":{"total":0,"covered":0,"skipped":0,"pct":100}}
,"/Users/matt/Development/UIUX/perfect/packages/spec/src/components/icon-button.ts": {"lines":{"total":75,"covered":75,"skipped":0,"pct":100},"functions":{"total":0,"covered":0,"skipped":0,"pct":100},"statements":{"total":75,"covered":75,"skipped":0,"pct":100},"branches":{"total":0,"covered":0,"skipped":0,"pct":100}}
,"/Users/matt/Development/UIUX/perfect/packages/spec/src/components/icon.ts": {"lines":{"total":43,"covered":43,"skipped":0,"pct":100},"functions":{"total":0,"covered":0,"skipped":0,"pct":100},"statements":{"total":43,"covered":43,"skipped":0,"pct":100},"branches":{"total":0,"covered":0,"skipped":0,"pct":100}}
,"/Users/matt/Development/UIUX/perfect/packages/spec/src/components/image.ts": {"lines":{"total":37,"covered":37,"skipped":0,"pct":100},"functions":{"total":0,"covered":0,"skipped":0,"pct":100},"statements":{"total":37,"covered":37,"skipped":0,"pct":100},"branches":{"total":0,"covered":0,"skipped":0,"pct":100}}
,"/Users/matt/Development/UIUX/perfect/packages/spec/src/components/input.ts": {"lines":{"total":59,"covered":59,"skipped":0,"pct":100},"functions":{"total":0,"covered":0,"skipped":0,"pct":100},"statements":{"total":59,"covered":59,"skipped":0,"pct":100},"branches":{"total":0,"covered":0,"skipped":0,"pct":100}}
,"/Users/matt/Development/UIUX/perfect/packages/spec/src/components/kbd.ts": {"lines":{"total":29,"covered":29,"skipped":0,"pct":100},"functions":{"total":0,"covered":0,"skipped":0,"pct":100},"statements":{"total":29,"covered":29,"skipped":0,"pct":100},"branches":{"total":0,"covered":0,"skipped":0,"pct":100}}
,"/Users/matt/Development/UIUX/perfect/packages/spec/src/components/label.ts": {"lines":{"total":28,"covered":28,"skipped":0,"pct":100},"functions":{"total":0,"covered":0,"skipped":0,"pct":100},"statements":{"total":28,"covered":28,"skipped":0,"pct":100},"branches":{"total":0,"covered":0,"skipped":0,"pct":100}}
,"/Users/matt/Development/UIUX/perfect/packages/spec/src/components/link.ts": {"lines":{"total":43,"covered":43,"skipped":0,"pct":100},"functions":{"total":0,"covered":0,"skipped":0,"pct":100},"statements":{"total":43,"covered":43,"skipped":0,"pct":100},"branches":{"total":0,"covered":0,"skipped":0,"pct":100}}
,"/Users/matt/Development/UIUX/perfect/packages/spec/src/components/list.ts": {"lines":{"total":81,"covered":81,"skipped":0,"pct":100},"functions":{"total":0,"covered":0,"skipped":0,"pct":100},"statements":{"total":81,"covered":81,"skipped":0,"pct":100},"branches":{"total":0,"covered":0,"skipped":0,"pct":100}}
,"/Users/matt/Development/UIUX/perfect/packages/spec/src/components/menu.ts": {"lines":{"total":65,"covered":65,"skipped":0,"pct":100},"functions":{"total":0,"covered":0,"skipped":0,"pct":100},"statements":{"total":65,"covered":65,"skipped":0,"pct":100},"branches":{"total":0,"covered":0,"skipped":0,"pct":100}}
,"/Users/matt/Development/UIUX/perfect/packages/spec/src/components/meter.ts": {"lines":{"total":60,"covered":60,"skipped":0,"pct":100},"functions":{"total":0,"covered":0,"skipped":0,"pct":100},"statements":{"total":60,"covered":60,"skipped":0,"pct":100},"branches":{"total":0,"covered":0,"skipped":0,"pct":100}}
,"/Users/matt/Development/UIUX/perfect/packages/spec/src/components/modal.ts": {"lines":{"total":81,"covered":81,"skipped":0,"pct":100},"functions":{"total":0,"covered":0,"skipped":0,"pct":100},"statements":{"total":81,"covered":81,"skipped":0,"pct":100},"branches":{"total":0,"covered":0,"skipped":0,"pct":100}}
,"/Users/matt/Development/UIUX/perfect/packages/spec/src/components/multi-select.ts": {"lines":{"total":119,"covered":119,"skipped":0,"pct":100},"functions":{"total":0,"covered":0,"skipped":0,"pct":100},"statements":{"total":119,"covered":119,"skipped":0,"pct":100},"branches":{"total":0,"covered":0,"skipped":0,"pct":100}}
,"/Users/matt/Development/UIUX/perfect/packages/spec/src/components/nav-bar.ts": {"lines":{"total":115,"covered":115,"skipped":0,"pct":100},"functions":{"total":0,"covered":0,"skipped":0,"pct":100},"statements":{"total":115,"covered":115,"skipped":0,"pct":100},"branches":{"total":0,"covered":0,"skipped":0,"pct":100}}
,"/Users/matt/Development/UIUX/perfect/packages/spec/src/components/number-input.ts": {"lines":{"total":66,"covered":66,"skipped":0,"pct":100},"functions":{"total":0,"covered":0,"skipped":0,"pct":100},"statements":{"total":66,"covered":66,"skipped":0,"pct":100},"branches":{"total":0,"covered":0,"skipped":0,"pct":100}}
,"/Users/matt/Development/UIUX/perfect/packages/spec/src/components/otp-field.ts": {"lines":{"total":90,"covered":90,"skipped":0,"pct":100},"functions":{"total":0,"covered":0,"skipped":0,"pct":100},"statements":{"total":90,"covered":90,"skipped":0,"pct":100},"branches":{"total":0,"covered":0,"skipped":0,"pct":100}}
,"/Users/matt/Development/UIUX/perfect/packages/spec/src/components/pagination.ts": {"lines":{"total":27,"covered":27,"skipped":0,"pct":100},"functions":{"total":0,"covered":0,"skipped":0,"pct":100},"statements":{"total":27,"covered":27,"skipped":0,"pct":100},"branches":{"total":0,"covered":0,"skipped":0,"pct":100}}
,"/Users/matt/Development/UIUX/perfect/packages/spec/src/components/pill.ts": {"lines":{"total":80,"covered":80,"skipped":0,"pct":100},"functions":{"total":0,"covered":0,"skipped":0,"pct":100},"statements":{"total":80,"covered":80,"skipped":0,"pct":100},"branches":{"total":3,"covered":2,"skipped":0,"pct":66.66}}
,"/Users/matt/Development/UIUX/perfect/packages/spec/src/components/popover.ts": {"lines":{"total":112,"covered":112,"skipped":0,"pct":100},"functions":{"total":0,"covered":0,"skipped":0,"pct":100},"statements":{"total":112,"covered":112,"skipped":0,"pct":100},"branches":{"total":0,"covered":0,"skipped":0,"pct":100}}
,"/Users/matt/Development/UIUX/perfect/packages/spec/src/components/progress-bar.ts": {"lines":{"total":58,"covered":58,"skipped":0,"pct":100},"functions":{"total":0,"covered":0,"skipped":0,"pct":100},"statements":{"total":58,"covered":58,"skipped":0,"pct":100},"branches":{"total":0,"covered":0,"skipped":0,"pct":100}}
,"/Users/matt/Development/UIUX/perfect/packages/spec/src/components/progress-ring.ts": {"lines":{"total":51,"covered":51,"skipped":0,"pct":100},"functions":{"total":0,"covered":0,"skipped":0,"pct":100},"statements":{"total":51,"covered":51,"skipped":0,"pct":100},"branches":{"total":0,"covered":0,"skipped":0,"pct":100}}
,"/Users/matt/Development/UIUX/perfect/packages/spec/src/components/radio-card.ts": {"lines":{"total":90,"covered":90,"skipped":0,"pct":100},"functions":{"total":0,"covered":0,"skipped":0,"pct":100},"statements":{"total":90,"covered":90,"skipped":0,"pct":100},"branches":{"total":0,"covered":0,"skipped":0,"pct":100}}
,"/Users/matt/Development/UIUX/perfect/packages/spec/src/components/radio.ts": {"lines":{"total":55,"covered":55,"skipped":0,"pct":100},"functions":{"total":0,"covered":0,"skipped":0,"pct":100},"statements":{"total":55,"covered":55,"skipped":0,"pct":100},"branches":{"total":0,"covered":0,"skipped":0,"pct":100}}
,"/Users/matt/Development/UIUX/perfect/packages/spec/src/components/rating.ts": {"lines":{"total":52,"covered":52,"skipped":0,"pct":100},"functions":{"total":0,"covered":0,"skipped":0,"pct":100},"statements":{"total":52,"covered":52,"skipped":0,"pct":100},"branches":{"total":0,"covered":0,"skipped":0,"pct":100}}
,"/Users/matt/Development/UIUX/perfect/packages/spec/src/components/resizable-split-pane.ts": {"lines":{"total":66,"covered":66,"skipped":0,"pct":100},"functions":{"total":0,"covered":0,"skipped":0,"pct":100},"statements":{"total":66,"covered":66,"skipped":0,"pct":100},"branches":{"total":0,"covered":0,"skipped":0,"pct":100}}
,"/Users/matt/Development/UIUX/perfect/packages/spec/src/components/scroll-area.ts": {"lines":{"total":57,"covered":57,"skipped":0,"pct":100},"functions":{"total":0,"covered":0,"skipped":0,"pct":100},"statements":{"total":57,"covered":57,"skipped":0,"pct":100},"branches":{"total":0,"covered":0,"skipped":0,"pct":100}}
,"/Users/matt/Development/UIUX/perfect/packages/spec/src/components/search-field.ts": {"lines":{"total":62,"covered":62,"skipped":0,"pct":100},"functions":{"total":0,"covered":0,"skipped":0,"pct":100},"statements":{"total":62,"covered":62,"skipped":0,"pct":100},"branches":{"total":0,"covered":0,"skipped":0,"pct":100}}
,"/Users/matt/Development/UIUX/perfect/packages/spec/src/components/segmented-bar.ts": {"lines":{"total":50,"covered":50,"skipped":0,"pct":100},"functions":{"total":0,"covered":0,"skipped":0,"pct":100},"statements":{"total":50,"covered":50,"skipped":0,"pct":100},"branches":{"total":0,"covered":0,"skipped":0,"pct":100}}
,"/Users/matt/Development/UIUX/perfect/packages/spec/src/components/segmented-control.ts": {"lines":{"total":72,"covered":72,"skipped":0,"pct":100},"functions":{"total":0,"covered":0,"skipped":0,"pct":100},"statements":{"total":72,"covered":72,"skipped":0,"pct":100},"branches":{"total":0,"covered":0,"skipped":0,"pct":100}}
,"/Users/matt/Development/UIUX/perfect/packages/spec/src/components/select.ts": {"lines":{"total":104,"covered":104,"skipped":0,"pct":100},"functions":{"total":0,"covered":0,"skipped":0,"pct":100},"statements":{"total":104,"covered":104,"skipped":0,"pct":100},"branches":{"total":0,"covered":0,"skipped":0,"pct":100}}
,"/Users/matt/Development/UIUX/perfect/packages/spec/src/components/sidebar.ts": {"lines":{"total":81,"covered":81,"skipped":0,"pct":100},"functions":{"total":0,"covered":0,"skipped":0,"pct":100},"statements":{"total":81,"covered":81,"skipped":0,"pct":100},"branches":{"total":0,"covered":0,"skipped":0,"pct":100}}
,"/Users/matt/Development/UIUX/perfect/packages/spec/src/components/skeleton.ts": {"lines":{"total":39,"covered":39,"skipped":0,"pct":100},"functions":{"total":0,"covered":0,"skipped":0,"pct":100},"statements":{"total":39,"covered":39,"skipped":0,"pct":100},"branches":{"total":0,"covered":0,"skipped":0,"pct":100}}
,"/Users/matt/Development/UIUX/perfect/packages/spec/src/components/slider.ts": {"lines":{"total":65,"covered":65,"skipped":0,"pct":100},"functions":{"total":0,"covered":0,"skipped":0,"pct":100},"statements":{"total":65,"covered":65,"skipped":0,"pct":100},"branches":{"total":0,"covered":0,"skipped":0,"pct":100}}
,"/Users/matt/Development/UIUX/perfect/packages/spec/src/components/spinner.ts": {"lines":{"total":40,"covered":40,"skipped":0,"pct":100},"functions":{"total":0,"covered":0,"skipped":0,"pct":100},"statements":{"total":40,"covered":40,"skipped":0,"pct":100},"branches":{"total":0,"covered":0,"skipped":0,"pct":100}}
,"/Users/matt/Development/UIUX/perfect/packages/spec/src/components/spotlight.ts": {"lines":{"total":58,"covered":58,"skipped":0,"pct":100},"functions":{"total":0,"covered":0,"skipped":0,"pct":100},"statements":{"total":58,"covered":58,"skipped":0,"pct":100},"branches":{"total":0,"covered":0,"skipped":0,"pct":100}}
,"/Users/matt/Development/UIUX/perfect/packages/spec/src/components/stat-tile.ts": {"lines":{"total":62,"covered":62,"skipped":0,"pct":100},"functions":{"total":0,"covered":0,"skipped":0,"pct":100},"statements":{"total":62,"covered":62,"skipped":0,"pct":100},"branches":{"total":0,"covered":0,"skipped":0,"pct":100}}
,"/Users/matt/Development/UIUX/perfect/packages/spec/src/components/status-dot.ts": {"lines":{"total":56,"covered":56,"skipped":0,"pct":100},"functions":{"total":0,"covered":0,"skipped":0,"pct":100},"statements":{"total":56,"covered":56,"skipped":0,"pct":100},"branches":{"total":2,"covered":2,"skipped":0,"pct":100}}
,"/Users/matt/Development/UIUX/perfect/packages/spec/src/components/steps.ts": {"lines":{"total":109,"covered":109,"skipped":0,"pct":100},"functions":{"total":0,"covered":0,"skipped":0,"pct":100},"statements":{"total":109,"covered":109,"skipped":0,"pct":100},"branches":{"total":1,"covered":1,"skipped":0,"pct":100}}
,"/Users/matt/Development/UIUX/perfect/packages/spec/src/components/surface.ts": {"lines":{"total":34,"covered":34,"skipped":0,"pct":100},"functions":{"total":0,"covered":0,"skipped":0,"pct":100},"statements":{"total":34,"covered":34,"skipped":0,"pct":100},"branches":{"total":0,"covered":0,"skipped":0,"pct":100}}
,"/Users/matt/Development/UIUX/perfect/packages/spec/src/components/switch.ts": {"lines":{"total":63,"covered":63,"skipped":0,"pct":100},"functions":{"total":0,"covered":0,"skipped":0,"pct":100},"statements":{"total":63,"covered":63,"skipped":0,"pct":100},"branches":{"total":0,"covered":0,"skipped":0,"pct":100}}
,"/Users/matt/Development/UIUX/perfect/packages/spec/src/components/tab-strip.ts": {"lines":{"total":67,"covered":67,"skipped":0,"pct":100},"functions":{"total":0,"covered":0,"skipped":0,"pct":100},"statements":{"total":67,"covered":67,"skipped":0,"pct":100},"branches":{"total":0,"covered":0,"skipped":0,"pct":100}}
,"/Users/matt/Development/UIUX/perfect/packages/spec/src/components/tabbed-modal.ts": {"lines":{"total":70,"covered":70,"skipped":0,"pct":100},"functions":{"total":0,"covered":0,"skipped":0,"pct":100},"statements":{"total":70,"covered":70,"skipped":0,"pct":100},"branches":{"total":0,"covered":0,"skipped":0,"pct":100}}
,"/Users/matt/Development/UIUX/perfect/packages/spec/src/components/tabbed-panel.ts": {"lines":{"total":71,"covered":71,"skipped":0,"pct":100},"functions":{"total":0,"covered":0,"skipped":0,"pct":100},"statements":{"total":71,"covered":71,"skipped":0,"pct":100},"branches":{"total":0,"covered":0,"skipped":0,"pct":100}}
,"/Users/matt/Development/UIUX/perfect/packages/spec/src/components/table.ts": {"lines":{"total":24,"covered":24,"skipped":0,"pct":100},"functions":{"total":0,"covered":0,"skipped":0,"pct":100},"statements":{"total":24,"covered":24,"skipped":0,"pct":100},"branches":{"total":0,"covered":0,"skipped":0,"pct":100}}
,"/Users/matt/Development/UIUX/perfect/packages/spec/src/components/tabs.ts": {"lines":{"total":71,"covered":71,"skipped":0,"pct":100},"functions":{"total":0,"covered":0,"skipped":0,"pct":100},"statements":{"total":71,"covered":71,"skipped":0,"pct":100},"branches":{"total":0,"covered":0,"skipped":0,"pct":100}}
,"/Users/matt/Development/UIUX/perfect/packages/spec/src/components/text.ts": {"lines":{"total":54,"covered":54,"skipped":0,"pct":100},"functions":{"total":0,"covered":0,"skipped":0,"pct":100},"statements":{"total":54,"covered":54,"skipped":0,"pct":100},"branches":{"total":0,"covered":0,"skipped":0,"pct":100}}
,"/Users/matt/Development/UIUX/perfect/packages/spec/src/components/textarea.ts": {"lines":{"total":52,"covered":52,"skipped":0,"pct":100},"functions":{"total":0,"covered":0,"skipped":0,"pct":100},"statements":{"total":52,"covered":52,"skipped":0,"pct":100},"branches":{"total":0,"covered":0,"skipped":0,"pct":100}}
,"/Users/matt/Development/UIUX/perfect/packages/spec/src/components/title-bar.ts": {"lines":{"total":65,"covered":65,"skipped":0,"pct":100},"functions":{"total":0,"covered":0,"skipped":0,"pct":100},"statements":{"total":65,"covered":65,"skipped":0,"pct":100},"branches":{"total":0,"covered":0,"skipped":0,"pct":100}}
,"/Users/matt/Development/UIUX/perfect/packages/spec/src/components/toast.ts": {"lines":{"total":89,"covered":89,"skipped":0,"pct":100},"functions":{"total":0,"covered":0,"skipped":0,"pct":100},"statements":{"total":89,"covered":89,"skipped":0,"pct":100},"branches":{"total":0,"covered":0,"skipped":0,"pct":100}}
,"/Users/matt/Development/UIUX/perfect/packages/spec/src/components/toggle.ts": {"lines":{"total":58,"covered":58,"skipped":0,"pct":100},"functions":{"total":0,"covered":0,"skipped":0,"pct":100},"statements":{"total":58,"covered":58,"skipped":0,"pct":100},"branches":{"total":0,"covered":0,"skipped":0,"pct":100}}
,"/Users/matt/Development/UIUX/perfect/packages/spec/src/components/toolbar.ts": {"lines":{"total":33,"covered":33,"skipped":0,"pct":100},"functions":{"total":0,"covered":0,"skipped":0,"pct":100},"statements":{"total":33,"covered":33,"skipped":0,"pct":100},"branches":{"total":0,"covered":0,"skipped":0,"pct":100}}
,"/Users/matt/Development/UIUX/perfect/packages/spec/src/components/tooltip.ts": {"lines":{"total":105,"covered":105,"skipped":0,"pct":100},"functions":{"total":0,"covered":0,"skipped":0,"pct":100},"statements":{"total":105,"covered":105,"skipped":0,"pct":100},"branches":{"total":0,"covered":0,"skipped":0,"pct":100}}
,"/Users/matt/Development/UIUX/perfect/packages/spec/src/components/tree-view.ts": {"lines":{"total":91,"covered":91,"skipped":0,"pct":100},"functions":{"total":0,"covered":0,"skipped":0,"pct":100},"statements":{"total":91,"covered":91,"skipped":0,"pct":100},"branches":{"total":0,"covered":0,"skipped":0,"pct":100}}
,"/Users/matt/Development/UIUX/perfect/packages/tokens/src/color.ts": {"lines":{"total":60,"covered":60,"skipped":0,"pct":100},"functions":{"total":5,"covered":5,"skipped":0,"pct":100},"statements":{"total":60,"covered":60,"skipped":0,"pct":100},"branches":{"total":15,"covered":13,"skipped":0,"pct":86.66}}
,"/Users/matt/Development/UIUX/perfect/packages/tokens/src/contrast.ts": {"lines":{"total":116,"covered":112,"skipped":0,"pct":96.55},"functions":{"total":14,"covered":14,"skipped":0,"pct":100},"statements":{"total":116,"covered":112,"skipped":0,"pct":96.55},"branches":{"total":41,"covered":36,"skipped":0,"pct":87.8}}
,"/Users/matt/Development/UIUX/perfect/packages/tokens/src/density.ts": {"lines":{"total":15,"covered":15,"skipped":0,"pct":100},"functions":{"total":1,"covered":1,"skipped":0,"pct":100},"statements":{"total":15,"covered":15,"skipped":0,"pct":100},"branches":{"total":2,"covered":2,"skipped":0,"pct":100}}
,"/Users/matt/Development/UIUX/perfect/packages/tokens/src/effects.ts": {"lines":{"total":34,"covered":34,"skipped":0,"pct":100},"functions":{"total":2,"covered":2,"skipped":0,"pct":100},"statements":{"total":34,"covered":34,"skipped":0,"pct":100},"branches":{"total":3,"covered":3,"skipped":0,"pct":100}}
,"/Users/matt/Development/UIUX/perfect/packages/tokens/src/elevation.ts": {"lines":{"total":30,"covered":30,"skipped":0,"pct":100},"functions":{"total":4,"covered":4,"skipped":0,"pct":100},"statements":{"total":30,"covered":30,"skipped":0,"pct":100},"branches":{"total":7,"covered":7,"skipped":0,"pct":100}}
,"/Users/matt/Development/UIUX/perfect/packages/tokens/src/index.ts": {"lines":{"total":11,"covered":11,"skipped":0,"pct":100},"functions":{"total":0,"covered":0,"skipped":0,"pct":100},"statements":{"total":11,"covered":11,"skipped":0,"pct":100},"branches":{"total":0,"covered":0,"skipped":0,"pct":100}}
,"/Users/matt/Development/UIUX/perfect/packages/tokens/src/layout.ts": {"lines":{"total":22,"covered":22,"skipped":0,"pct":100},"functions":{"total":1,"covered":1,"skipped":0,"pct":100},"statements":{"total":22,"covered":22,"skipped":0,"pct":100},"branches":{"total":3,"covered":3,"skipped":0,"pct":100}}
,"/Users/matt/Development/UIUX/perfect/packages/tokens/src/motion.ts": {"lines":{"total":24,"covered":24,"skipped":0,"pct":100},"functions":{"total":3,"covered":3,"skipped":0,"pct":100},"statements":{"total":24,"covered":24,"skipped":0,"pct":100},"branches":{"total":6,"covered":6,"skipped":0,"pct":100}}
,"/Users/matt/Development/UIUX/perfect/packages/tokens/src/radius.ts": {"lines":{"total":21,"covered":21,"skipped":0,"pct":100},"functions":{"total":1,"covered":1,"skipped":0,"pct":100},"statements":{"total":21,"covered":21,"skipped":0,"pct":100},"branches":{"total":4,"covered":4,"skipped":0,"pct":100}}
,"/Users/matt/Development/UIUX/perfect/packages/tokens/src/semantic.ts": {"lines":{"total":71,"covered":71,"skipped":0,"pct":100},"functions":{"total":6,"covered":6,"skipped":0,"pct":100},"statements":{"total":71,"covered":71,"skipped":0,"pct":100},"branches":{"total":7,"covered":7,"skipped":0,"pct":100}}
,"/Users/matt/Development/UIUX/perfect/packages/tokens/src/size.ts": {"lines":{"total":14,"covered":14,"skipped":0,"pct":100},"functions":{"total":1,"covered":1,"skipped":0,"pct":100},"statements":{"total":14,"covered":14,"skipped":0,"pct":100},"branches":{"total":2,"covered":2,"skipped":0,"pct":100}}
,"/Users/matt/Development/UIUX/perfect/packages/tokens/src/space.ts": {"lines":{"total":27,"covered":27,"skipped":0,"pct":100},"functions":{"total":3,"covered":3,"skipped":0,"pct":100},"statements":{"total":27,"covered":27,"skipped":0,"pct":100},"branches":{"total":7,"covered":7,"skipped":0,"pct":100}}
,"/Users/matt/Development/UIUX/perfect/packages/tokens/src/type.ts": {"lines":{"total":63,"covered":63,"skipped":0,"pct":100},"functions":{"total":5,"covered":5,"skipped":0,"pct":100},"statements":{"total":63,"covered":63,"skipped":0,"pct":100},"branches":{"total":18,"covered":18,"skipped":0,"pct":100}}
}
